Flutter crash report; please file at https://github.com/flutter/flutter/issues.

## command

flutter run

## exception

FormatException: FormatException: Unexpected character (at character 1)
Install Started
^


```
#0      _ChunkedJsonParser.fail (dart:convert/runtime/libconvert_patch.dart:1358:5)
#1      _ChunkedJsonParser.parseNumber (dart:convert/runtime/libconvert_patch.dart:1254:9)
#2      _ChunkedJsonParser.parse (dart:convert/runtime/libconvert_patch.dart:922:22)
#3      _parseJson (dart:convert/runtime/libconvert_patch.dart:29:10)
#4      JsonDecoder.convert (dart:convert/json.dart:540:36)
#5      JsonCodec.decode (dart:convert/json.dart:167:41)
#6      SimControl._list (package:flutter_tools/src/ios/simulators.dart:88:17)
#7      SimControl.getDevices (package:flutter_tools/src/ios/simulators.dart:95:49)
#8      SimControl.getConnectedDevices (package:flutter_tools/src/ios/simulators.dart:109:12)
#9      IOSSimulatorUtils.getAttachedDevices (package:flutter_tools/src/ios/simulators.dart:49:32)
#10     IOSSimulators.pollingGetDevices (package:flutter_tools/src/ios/simulators.dart:38:80)
<asynchronous suspension>
#11     PollingDeviceDiscovery.devices (package:flutter_tools/src/device.dart:163:56)
<asynchronous suspension>
#12     DeviceManager.getAllConnectedDevices (package:flutter_tools/src/device.dart:91:46)
<asynchronous suspension>
#13     DeviceManager.getDevices (package:flutter_tools/src/device.dart:81:11)
#14     FlutterCommand.findAllTargetDevices (package:flutter_tools/src/runner/flutter_command.dart:391:48)
<asynchronous suspension>
#15     RunCommand.validateCommand (package:flutter_tools/src/commands/run.dart:237:21)
<asynchronous suspension>
#16     FlutterCommand.verifyThenRunCommand (package:flutter_tools/src/runner/flutter_command.dart:350:11)
<asynchronous suspension>
#17     FlutterCommand.run.<anonymous closure> (package:flutter_tools/src/runner/flutter_command.dart:306:33)
<asynchronous suspension>
#18     AppContext.run.<anonymous closure> (package:flutter_tools/src/base/context.dart:142:29)
<asynchronous suspension>
#19     _rootRun (dart:async/zone.dart:1124:13)
#20     _CustomZone.run (dart:async/zone.dart:1021:19)
#21     _runZoned (dart:async/zone.dart:1516:10)
#22     runZoned (dart:async/zone.dart:1463:12)
#23     AppContext.run (package:flutter_tools/src/base/context.dart:141:18)
<asynchronous suspension>
#24     FlutterCommand.run (package:flutter_tools/src/runner/flutter_command.dart:297:20)
#25     CommandRunner.runCommand (package:args/command_runner.dart:194:27)
<asynchronous suspension>
#26     FlutterCommandRunner.runCommand.<anonymous closure> (package:flutter_tools/src/runner/flutter_command_runner.dart:347:21)
<asynchronous suspension>
#27     AppContext.run.<anonymous closure> (package:flutter_tools/src/base/context.dart:142:29)
<asynchronous suspension>
#28     _rootRun (dart:async/zone.dart:1124:13)
#29     _CustomZone.run (dart:async/zone.dart:1021:19)
#30     _runZoned (dart:async/zone.dart:1516:10)
#31     runZoned (dart:async/zone.dart:1463:12)
#32     AppContext.run (package:flutter_tools/src/base/context.dart:141:18)
<asynchronous suspension>
#33     FlutterCommandRunner.runCommand (package:flutter_tools/src/runner/flutter_command_runner.dart:303:19)
<asynchronous suspension>
#34     CommandRunner.run.<anonymous closure> (package:args/command_runner.dart:109:29)
#35     new Future.sync (dart:async/future.dart:224:31)
#36     CommandRunner.run (package:args/command_runner.dart:109:11)
#37     FlutterCommandRunner.run (package:flutter_tools/src/runner/flutter_command_runner.dart:211:18)
#38     run.<anonymous closure> (package:flutter_tools/runner.dart:59:20)
<asynchronous suspension>
#39     AppContext.run.<anonymous closure> (package:flutter_tools/src/base/context.dart:142:29)
<asynchronous suspension>
#40     _rootRun (dart:async/zone.dart:1124:13)
#41     _CustomZone.run (dart:async/zone.dart:1021:19)
#42     _runZoned (dart:async/zone.dart:1516:10)
#43     runZoned (dart:async/zone.dart:1463:12)
#44     AppContext.run (package:flutter_tools/src/base/context.dart:141:18)
<asynchronous suspension>
#45     runInContext (package:flutter_tools/src/context_runner.dart:42:24)
<asynchronous suspension>
#46     run (package:flutter_tools/runner.dart:50:10)
#47     main (package:flutter_tools/executable.dart:52:9)
<asynchronous suspension>
#48     main (file:///b/build/slave/Mac_Flutter_Packaging/build/archive/flutter/packages/flutter_tools/bin/flutter_tools.dart:8:3)
#49     _startIsolate.<anonymous closure> (dart:isolate/runtime/libisolate_patch.dart:287:32)
#50     _RawReceivePortImpl._handleMessage (dart:isolate/runtime/libisolate_patch.dart:171:12)
```

## flutter doctor

```
[✓] Flutter (Channel beta, v0.8.2, on Mac OS X 10.14 18A391, locale de-DE)
    • Flutter version 0.8.2 at /development/libs/flutter
    • Framework revision 5ab9e70727 (4 weeks ago), 2018-09-07 12:33:05 -0700
    • Engine revision 58a1894a1c
    • Dart version 2.1.0-dev.3.1.flutter-760a9690c2

[✓] Android toolchain - develop for Android devices (Android SDK 27.0.3)
    • Android SDK at /Users/stef/Library/Android/sdk
    • Android NDK location not configured (optional; useful for native profiling support)
    • Platform android-27, build-tools 27.0.3
    • Java binary at: /Applications/Android Studio.app/Contents/jre/jdk/Contents/Home/bin/java
    • Java version OpenJDK Runtime Environment (build 1.8.0_152-release-1136-b06)
    • All Android licenses accepted.

[✓] iOS toolchain - develop for iOS devices (Xcode 10.0)
    • Xcode at /Applications/Xcode.app/Contents/Developer
    • Xcode 10.0, Build version 10A255
    • ios-deploy 1.9.2
    • CocoaPods version 1.5.2

[✓] Android Studio (version 3.2)
    • Android Studio at /Applications/Android Studio.app/Contents
    • Flutter plugin version 29.0.2
    • Dart plugin version 181.5540.11
    • Java version OpenJDK Runtime Environment (build 1.8.0_152-release-1136-b06)

[✓] Connected devices (2 available)
    • PhoneS        • afaaad7c6509afce2d33f4c7f0e0c4c9ab9558dd • ios • iOS 12.0
    • iPhone XS Max • 9D632137-84FC-48AB-AA79-10F78372A81F     • ios • iOS 12.0 (simulator)

• No issues found!
```
